<?xml version="1.0" encoding="UTF-8"?>
<!-- Generated by org.testng.reporters.JUnitReportReporter -->
<testsuite hostname="DESKTOP-DGC7O92" failures="0" tests="8" name="TestCases" time="6.990" errors="0" timestamp="2023-10-30T18:58:49 EET" skipped="6">
  <testcase classname="TestCases" name="CheckTheBtn" time="1.603"/>
  <system-out/>
  <testcase classname="TestCases" name="qitafLogo" time="5.387"/>
  <system-out/>
  <testcase classname="TestCases" name="CheckTheLanguage">
    <skipped/>
  </testcase> <!-- CheckTheLanguage -->
  <system-out/>
  <testcase classname="TestCases" name="date">
    <skipped/>
  </testcase> <!-- date -->
  <system-out/>
  <testcase classname="TestCases" name="CheckTheCurrancy">
    <skipped/>
  </testcase> <!-- CheckTheCurrancy -->
  <system-out/>
  <testcase classname="TestCases" name="HotelSearch">
    <skipped/>
  </testcase> <!-- HotelSearch -->
  <system-out/>
  <testcase classname="TestCases" name="CheckTheContactNumber">
    <skipped/>
  </testcase> <!-- CheckTheContactNumber -->
  <system-out/>
  <testcase classname="TestCases" name="SoftAssert">
    <skipped/>
  </testcase> <!-- SoftAssert -->
  <system-out/>
</testsuite> <!-- TestCases -->
